Android_TFLite/android_tflite/app/build/intermediates/manifest_merge_blame_file/debug/manifest-merger-blame-debug-report.txt
1<?xml version="1.0" encoding="utf-8"?>
2<manifest xmlns:android="http://schemas.android.com/apk/res/android"
3    package="com.example.tflitetry"
4    android:versionCode="1"
5    android:versionName="1.0" >
6
7    <uses-sdk
8        android:minSdkVersion="21"
8-->src\main\AndroidManifest.xml
9        android:targetSdkVersion="29" />
9-->src\main\AndroidManifest.xml
10
11    <!-- <uses-permission android:name="android.permission.CAMERA"/> -->
12    <uses-permission android:name="android.permission.WRITE_EXTERNAL_STORAGE" />
12-->src\main\AndroidManifest.xml:6:5-80
12-->src\main\AndroidManifest.xml:6:22-78
13
14    <uses-feature android:name="android.hardware.camera" />
14-->src\main\AndroidManifest.xml:7:5-59
14-->src\main\AndroidManifest.xml:7:19-57
15    <uses-feature android:name="android.hardware.camera.autofocus" />
15-->src\main\AndroidManifest.xml:8:5-70
15-->src\main\AndroidManifest.xml:8:19-67
16
17    <uses-permission android:name="android.permission.READ_PHONE_STATE" />
18    <uses-permission android:name="android.permission.READ_EXTERNAL_STORAGE" />
19
20    <application
20-->src\main\AndroidManifest.xml:10:5-24:19
21        android:allowBackup="true"
21-->src\main\AndroidManifest.xml:11:9-35
22        android:appComponentFactory="androidx.core.app.CoreComponentFactory"
22-->[androidx.core:core:1.1.0] AndroidManifest.xml:24:18-86
23        android:debuggable="true"
24        android:icon="@mipmap/ic_launcher"
24-->src\main\AndroidManifest.xml:12:9-43
25        android:label="@string/app_name"
25-->src\main\AndroidManifest.xml:13:9-41
26        android:roundIcon="@mipmap/ic_launcher_round"
26-->src\main\AndroidManifest.xml:14:9-54
27        android:supportsRtl="true"
27-->src\main\AndroidManifest.xml:15:9-35
28        android:testOnly="true"
29        android:theme="@style/AppTheme" >
29-->src\main\AndroidManifest.xml:16:9-40
30        <activity android:name="com.example.tflitetry.MainActivity" >
30-->src\main\AndroidManifest.xml:17:9-23:20
30-->src\main\AndroidManifest.xml:17:19-47
31            <intent-filter>
31-->src\main\AndroidManifest.xml:18:13-22:29
32                <action android:name="android.intent.action.MAIN" />
32-->src\main\AndroidManifest.xml:19:17-69
32-->src\main\AndroidManifest.xml:19:25-66
33
34                <category android:name="android.intent.category.LAUNCHER" />
34-->src\main\AndroidManifest.xml:21:17-77
34-->src\main\AndroidManifest.xml:21:27-74
35            </intent-filter>
36        </activity>
37    </application>
38
39</manifest>